# JRE version: OpenJDK Runtime Environment (8.0_242-b01) (build 1.8.0_242-release-1644-b01)
# Java VM: OpenJDK 64-Bit Server VM (25.242-b01 mixed mode windows-amd64 compressed oops)
Heap:
 PSYoungGen      total 363008K, used 110258K [0x00000000d5580000, 0x00000000f0600000, 0x0000000100000000)
  eden space 331264K, 27% used [0x00000000d5580000,0x00000000dacebb48,0x00000000e9900000)
  from space 31744K, 65% used [0x00000000e9900000,0x00000000ead40dd8,0x00000000eb800000)
  to   space 32768K, 0% used [0x00000000ee600000,0x00000000ee600000,0x00000000f0600000)
 ParOldGen       total 129536K, used 57502K [0x0000000080000000, 0x0000000087e80000, 0x00000000d5580000)
  object space 129536K, 44% used [0x0000000080000000,0x00000000838278e8,0x0000000087e80000)
 Metaspace       used 103677K, capacity 108870K, committed 109144K, reserved 1144832K
  class space    used 13542K, capacity 14666K, committed 14720K, reserved 1048576K
GC Heap History (10 events):
Event: 935.455 GC heap before
{Heap before GC invocations=15 (full 3):
 PSYoungGen      total 301568K, used 301542K [0x00000000d5580000, 0x00000000edc80000, 0x0000000100000000)
  eden space 279040K, 100% used [0x00000000d5580000,0x00000000e6600000,0x00000000e6600000)
  from space 22528K, 99% used [0x00000000e6600000,0x00000000e7bf99b0,0x00000000e7c00000)
  to   space 27648K, 0% used [0x00000000ec180000,0x00000000ec180000,0x00000000edc80000)
 ParOldGen       total 87552K, used 39750K [0x0000000080000000, 0x0000000085580000, 0x00000000d5580000)
  object space 87552K, 45% used [0x0000000080000000,0x00000000826d18b8,0x0000000085580000)
 Metaspace       used 88072K, capacity 92220K, committed 92504K, reserved 1128448K
  class space    used 11643K, capacity 12547K, committed 12672K, reserved 1048576K
Event: 935.572 GC heap after
Heap after GC invocations=15 (full 3):
 PSYoungGen      total 355840K, used 21385K [0x00000000d5580000, 0x00000000ed680000, 0x0000000100000000)
  eden space 334336K, 0% used [0x00000000d5580000,0x00000000d5580000,0x00000000e9c00000)
  from space 21504K, 99% used [0x00000000ec180000,0x00000000ed6627c8,0x00000000ed680000)
  to   space 29696K, 0% used [0x00000000e9c80000,0x00000000e9c80000,0x00000000eb980000)
 ParOldGen       total 87552K, used 53787K [0x0000000080000000, 0x0000000085580000, 0x00000000d5580000)
  object space 87552K, 61% used [0x0000000080000000,0x0000000083486f18,0x0000000085580000)
 Metaspace       used 88072K, capacity 92220K, committed 92504K, reserved 1128448K
  class space    used 11643K, capacity 12547K, committed 12672K, reserved 1048576K
}
Event: 1714.344 GC heap before
{Heap before GC invocations=16 (full 3):
 PSYoungGen      total 355840K, used 241242K [0x00000000d5580000, 0x00000000ed680000, 0x0000000100000000)
  eden space 334336K, 65% used [0x00000000d5580000,0x00000000e2c34348,0x00000000e9c00000)
  from space 21504K, 99% used [0x00000000ec180000,0x00000000ed6627c8,0x00000000ed680000)
  to   space 29696K, 0% used [0x00000000e9c80000,0x00000000e9c80000,0x00000000eb980000)
 ParOldGen       total 87552K, used 53787K [0x0000000080000000, 0x0000000085580000, 0x00000000d5580000)
  object space 87552K, 61% used [0x0000000080000000,0x0000000083486f18,0x0000000085580000)
 Metaspace       used 93646K, capacity 98180K, committed 98380K, reserved 1134592K
  class space    used 12329K, capacity 13321K, committed 13440K, reserved 1048576K
Event: 1714.437 GC heap after
Heap after GC invocations=16 (full 3):
 PSYoungGen      total 348160K, used 27775K [0x00000000d5580000, 0x00000000ed000000, 0x0000000100000000)
  eden space 320000K, 0% used [0x00000000d5580000,0x00000000d5580000,0x00000000e8e00000)
  from space 28160K, 98% used [0x00000000e9c80000,0x00000000eb79fde8,0x00000000eb800000)
  to   space 24576K, 0% used [0x00000000eb800000,0x00000000eb800000,0x00000000ed000000)
 ParOldGen       total 87552K, used 53795K [0x0000000080000000, 0x0000000085580000, 0x00000000d5580000)
  object space 87552K, 61% used [0x0000000080000000,0x0000000083488f18,0x0000000085580000)
 Metaspace       used 93646K, capacity 98180K, committed 98380K, reserved 1134592K
  class space    used 12329K, capacity 13321K, committed 13440K, reserved 1048576K
}
Event: 1714.437 GC heap before
{Heap before GC invocations=17 (full 4):
 PSYoungGen      total 348160K, used 27775K [0x00000000d5580000, 0x00000000ed000000, 0x0000000100000000)
  eden space 320000K, 0% used [0x00000000d5580000,0x00000000d5580000,0x00000000e8e00000)
  from space 28160K, 98% used [0x00000000e9c80000,0x00000000eb79fde8,0x00000000eb800000)
  to   space 24576K, 0% used [0x00000000eb800000,0x00000000eb800000,0x00000000ed000000)
 ParOldGen       total 87552K, used 53795K [0x0000000080000000, 0x0000000085580000, 0x00000000d5580000)
  object space 87552K, 61% used [0x0000000080000000,0x0000000083488f18,0x0000000085580000)
 Metaspace       used 93646K, capacity 98180K, committed 98380K, reserved 1134592K
  class space    used 12329K, capacity 13321K, committed 13440K, reserved 1048576K
Event: 1715.152 GC heap after
Heap after GC invocations=17 (full 4):
 PSYoungGen      total 348160K, used 0K [0x00000000d5580000, 0x00000000ed000000, 0x0000000100000000)
  eden space 320000K, 0% used [0x00000000d5580000,0x00000000d5580000,0x00000000e8e00000)
  from space 28160K, 0% used [0x00000000e9c80000,0x00000000e9c80000,0x00000000eb800000)
  to   space 24576K, 0% used [0x00000000eb800000,0x00000000eb800000,0x00000000ed000000)
 ParOldGen       total 129536K, used 57486K [0x0000000080000000, 0x0000000087e80000, 0x00000000d5580000)
  object space 129536K, 44% used [0x0000000080000000,0x00000000838238e8,0x0000000087e80000)
 Metaspace       used 93551K, capacity 97964K, committed 98380K, reserved 1134592K
  class space    used 12305K, capacity 13295K, committed 13440K, reserved 1048576K
}
Event: 3561.769 GC heap before
{Heap before GC invocations=18 (full 4):
 PSYoungGen      total 348160K, used 320000K [0x00000000d5580000, 0x00000000ed000000, 0x0000000100000000)
  eden space 320000K, 100% used [0x00000000d5580000,0x00000000e8e00000,0x00000000e8e00000)
  from space 28160K, 0% used [0x00000000e9c80000,0x00000000e9c80000,0x00000000eb800000)
  to   space 24576K, 0% used [0x00000000eb800000,0x00000000eb800000,0x00000000ed000000)
 ParOldGen       total 129536K, used 57486K [0x0000000080000000, 0x0000000087e80000, 0x00000000d5580000)
  object space 129536K, 44% used [0x0000000080000000,0x00000000838238e8,0x0000000087e80000)
 Metaspace       used 98659K, capacity 103644K, committed 103896K, reserved 1138688K
  class space    used 12959K, capacity 14041K, committed 14080K, reserved 1048576K
Event: 3561.818 GC heap after
Heap after GC invocations=18 (full 4):
 PSYoungGen      total 355840K, used 12270K [0x00000000d5580000, 0x00000000efe80000, 0x0000000100000000)
  eden space 331264K, 0% used [0x00000000d5580000,0x00000000d5580000,0x00000000e9900000)
  from space 24576K, 49% used [0x00000000eb800000,0x00000000ec3fb998,0x00000000ed000000)
  to   space 31744K, 0% used [0x00000000e9900000,0x00000000e9900000,0x00000000eb800000)
 ParOldGen       total 129536K, used 57494K [0x0000000080000000, 0x0000000087e80000, 0x00000000d5580000)
  object space 129536K, 44% used [0x0000000080000000,0x00000000838258e8,0x0000000087e80000)
 Metaspace       used 98659K, capacity 103644K, committed 103896K, reserved 1138688K
  class space    used 12959K, capacity 14041K, committed 14080K, reserved 1048576K
}
Event: 3685.123 GC heap before
{Heap before GC invocations=19 (full 4):
 PSYoungGen      total 355840K, used 343534K [0x00000000d5580000, 0x00000000efe80000, 0x0000000100000000)
  eden space 331264K, 100% used [0x00000000d5580000,0x00000000e9900000,0x00000000e9900000)
  from space 24576K, 49% used [0x00000000eb800000,0x00000000ec3fb998,0x00000000ed000000)
  to   space 31744K, 0% used [0x00000000e9900000,0x00000000e9900000,0x00000000eb800000)
 ParOldGen       total 129536K, used 57494K [0x0000000080000000, 0x0000000087e80000, 0x00000000d5580000)
  object space 129536K, 44% used [0x0000000080000000,0x00000000838258e8,0x0000000087e80000)
 Metaspace       used 103674K, capacity 108870K, committed 109144K, reserved 1144832K
  class space    used 13542K, capacity 14666K, committed 14720K, reserved 1048576K
Event: 3685.336 GC heap after
Heap after GC invocations=19 (full 4):
 PSYoungGen      total 363008K, used 20739K [0x00000000d5580000, 0x00000000f0600000, 0x0000000100000000)
  eden space 331264K, 0% used [0x00000000d5580000,0x00000000d5580000,0x00000000e9900000)
  from space 31744K, 65% used [0x00000000e9900000,0x00000000ead40dd8,0x00000000eb800000)
  to   space 32768K, 0% used [0x00000000ee600000,0x00000000ee600000,0x00000000f0600000)
 ParOldGen       total 129536K, used 57502K [0x0000000080000000, 0x0000000087e80000, 0x00000000d5580000)
  object space 129536K, 44% used [0x0000000080000000,0x00000000838278e8,0x0000000087e80000)
 Metaspace       used 103674K, capacity 108870K, committed 109144K, reserved 1144832K
  class space    used 13542K, capacity 14666K, committed 14720K, reserved 1048576K
}

